<?xml version="1.0" encoding="UTF-8"?>
<!-- Generated by org.testng.reporters.JUnitReportReporter -->
<testsuite hostname="LAPTOP-3QMS8IK1" failures="0" tests="4" name="com.crm.qa.testcases.LoginPageTest" time="39.794" errors="0" timestamp="2021-03-25T15:14:32 IST" skipped="0">
  <testcase classname="com.crm.qa.testcases.LoginPageTest" name="logodisplyed" time="9.438"/>
  <system-out/>
  <testcase classname="com.crm.qa.testcases.LoginPageTest" name="LoginPageTitleTest" time="9.197"/>
  <system-out/>
  <testcase classname="com.crm.qa.testcases.LoginPageTest" name="logintest" time="11.008"/>
  <system-out/>
  <testcase classname="com.crm.qa.testcases.LoginPageTest" name="signuppagetest" time="10.151"/>
  <system-out/>
</testsuite> <!-- com.crm.qa.testcases.LoginPageTest -->
